2024-05-08 20:58:57,228 INFO  [main] com.tpe.SpringbootintroApplication:Starting SpringbootintroApplication using Java 17.0.9 on DESKTOP-SVKJ907 with PID 23976 (C:\Users\MahmutYalcin\Desktop\IT DÖKÜMAN\zipler\springbootintro\springbootintro\target\classes started by MahmutYalcin in C:\Users\MahmutYalcin\Desktop\IT DÖKÜMAN\zipler\springbootintro\springbootintro)
2024-05-08 20:58:57,232 INFO  [main] com.tpe.SpringbootintroApplication:No active profile set, falling back to default profiles: default
2024-05-08 20:58:58,373 INFO  [main] org.springframework.data.repository.config.RepositoryConfigurationDelegate:Bootstrapping Spring Data JPA repositories in DEFAULT mode.
2024-05-08 20:58:58,450 INFO  [main] org.springframework.data.repository.config.RepositoryConfigurationDelegate:Finished Spring Data repository scanning in 43 ms. Found 1 JPA repository interfaces.
2024-05-08 20:58:59,206 INFO  [main] org.springframework.boot.web.embedded.tomcat.TomcatWebServer:Tomcat initialized with port(s): 8081 (http)
2024-05-08 20:58:59,218 INFO  [main] org.apache.catalina.core.StandardService:Starting service [Tomcat]
2024-05-08 20:58:59,219 INFO  [main] org.apache.catalina.core.StandardEngine:Starting Servlet engine: [Apache Tomcat/9.0.56]
2024-05-08 20:58:59,309 INFO  [main] org.apache.catalina.core.ContainerBase.[Tomcat].[localhost].[/]:Initializing Spring embedded WebApplicationContext
2024-05-08 20:58:59,310 INFO  [main] org.springframework.boot.web.servlet.context.ServletWebServerApplicationContext:Root WebApplicationContext: initialization completed in 2011 ms
2024-05-08 20:58:59,637 INFO  [main] org.hibernate.jpa.internal.util.LogHelper:HHH000204: Processing PersistenceUnitInfo [name: default]
2024-05-08 20:58:59,706 INFO  [main] org.hibernate.Version:HHH000412: Hibernate ORM core version 5.6.4.Final
2024-05-08 20:58:59,919 INFO  [main] org.hibernate.annotations.common.Version:HCANN000001: Hibernate Commons Annotations {5.1.2.Final}
2024-05-08 20:59:00,038 INFO  [main] com.zaxxer.hikari.HikariDataSource:HikariPool-1 - Starting...
2024-05-08 20:59:00,295 INFO  [main] com.zaxxer.hikari.HikariDataSource:HikariPool-1 - Start completed.
2024-05-08 20:59:00,321 INFO  [main] org.hibernate.dialect.Dialect:HHH000400: Using dialect: org.hibernate.dialect.PostgreSQLDialect
2024-05-08 20:59:01,176 INFO  [main] org.hibernate.engine.transaction.jta.platform.internal.JtaPlatformInitiator:HHH000490: Using JtaPlatform implementation: [org.hibernate.engine.transaction.jta.platform.internal.NoJtaPlatform]
2024-05-08 20:59:01,183 INFO  [main] org.springframework.orm.jpa.LocalContainerEntityManagerFactoryBean:Initialized JPA EntityManagerFactory for persistence unit 'default'
2024-05-08 20:59:01,771 WARN  [main] org.springframework.boot.autoconfigure.orm.jpa.JpaBaseConfiguration$JpaWebConfiguration:spring.jpa.open-in-view is enabled by default. Therefore, database queries may be performed during view rendering. Explicitly configure spring.jpa.open-in-view to disable this warning
2024-05-08 20:59:02,241 INFO  [main] org.springframework.boot.actuate.endpoint.web.EndpointLinksResolver:Exposing 4 endpoint(s) beneath base path '/actuator'
2024-05-08 20:59:02,304 INFO  [main] org.springframework.boot.web.embedded.tomcat.TomcatWebServer:Tomcat started on port(s): 8081 (http) with context path ''
2024-05-08 20:59:02,323 INFO  [main] com.tpe.SpringbootintroApplication:Started SpringbootintroApplication in 5.795 seconds (JVM running for 6.374)
2024-05-08 21:00:10,384 INFO  [SpringApplicationShutdownHook] org.springframework.orm.jpa.LocalContainerEntityManagerFactoryBean:Closing JPA EntityManagerFactory for persistence unit 'default'
2024-05-08 21:00:10,386 INFO  [SpringApplicationShutdownHook] com.zaxxer.hikari.HikariDataSource:HikariPool-1 - Shutdown initiated...
2024-05-08 21:00:10,388 INFO  [SpringApplicationShutdownHook] com.zaxxer.hikari.HikariDataSource:HikariPool-1 - Shutdown completed.
2024-05-08 21:00:58,821 INFO  [main] com.tpe.SpringbootintroApplication:Starting SpringbootintroApplication using Java 17.0.9 on DESKTOP-SVKJ907 with PID 6244 (C:\Users\MahmutYalcin\Desktop\IT DÖKÜMAN\zipler\springbootintro\springbootintro\target\classes started by MahmutYalcin in C:\Users\MahmutYalcin\Desktop\IT DÖKÜMAN\zipler\springbootintro\springbootintro)
2024-05-08 21:00:58,824 INFO  [main] com.tpe.SpringbootintroApplication:No active profile set, falling back to default profiles: default
2024-05-08 21:01:00,032 INFO  [main] org.springframework.data.repository.config.RepositoryConfigurationDelegate:Bootstrapping Spring Data JPA repositories in DEFAULT mode.
2024-05-08 21:01:00,124 INFO  [main] org.springframework.data.repository.config.RepositoryConfigurationDelegate:Finished Spring Data repository scanning in 74 ms. Found 1 JPA repository interfaces.
2024-05-08 21:01:01,031 INFO  [main] org.springframework.boot.web.embedded.tomcat.TomcatWebServer:Tomcat initialized with port(s): 8081 (http)
2024-05-08 21:01:01,047 INFO  [main] org.apache.catalina.core.StandardService:Starting service [Tomcat]
2024-05-08 21:01:01,048 INFO  [main] org.apache.catalina.core.StandardEngine:Starting Servlet engine: [Apache Tomcat/9.0.56]
2024-05-08 21:01:01,173 INFO  [main] org.apache.catalina.core.ContainerBase.[Tomcat].[localhost].[/]:Initializing Spring embedded WebApplicationContext
2024-05-08 21:01:01,173 INFO  [main] org.springframework.boot.web.servlet.context.ServletWebServerApplicationContext:Root WebApplicationContext: initialization completed in 2284 ms
2024-05-08 21:01:01,513 INFO  [main] org.hibernate.jpa.internal.util.LogHelper:HHH000204: Processing PersistenceUnitInfo [name: default]
2024-05-08 21:01:01,586 INFO  [main] org.hibernate.Version:HHH000412: Hibernate ORM core version 5.6.4.Final
2024-05-08 21:01:01,794 INFO  [main] org.hibernate.annotations.common.Version:HCANN000001: Hibernate Commons Annotations {5.1.2.Final}
2024-05-08 21:01:01,911 INFO  [main] com.zaxxer.hikari.HikariDataSource:HikariPool-1 - Starting...
2024-05-08 21:01:02,162 INFO  [main] com.zaxxer.hikari.HikariDataSource:HikariPool-1 - Start completed.
2024-05-08 21:01:02,185 INFO  [main] org.hibernate.dialect.Dialect:HHH000400: Using dialect: org.hibernate.dialect.PostgreSQLDialect
2024-05-08 21:01:03,084 INFO  [main] org.hibernate.engine.transaction.jta.platform.internal.JtaPlatformInitiator:HHH000490: Using JtaPlatform implementation: [org.hibernate.engine.transaction.jta.platform.internal.NoJtaPlatform]
2024-05-08 21:01:03,094 INFO  [main] org.springframework.orm.jpa.LocalContainerEntityManagerFactoryBean:Initialized JPA EntityManagerFactory for persistence unit 'default'
2024-05-08 21:01:03,705 WARN  [main] org.springframework.boot.autoconfigure.orm.jpa.JpaBaseConfiguration$JpaWebConfiguration:spring.jpa.open-in-view is enabled by default. Therefore, database queries may be performed during view rendering. Explicitly configure spring.jpa.open-in-view to disable this warning
2024-05-08 21:01:04,198 INFO  [main] org.springframework.boot.actuate.endpoint.web.EndpointLinksResolver:Exposing 4 endpoint(s) beneath base path '/actuator'
2024-05-08 21:01:04,248 INFO  [main] org.springframework.boot.web.embedded.tomcat.TomcatWebServer:Tomcat started on port(s): 8081 (http) with context path ''
2024-05-08 21:01:04,268 INFO  [main] com.tpe.SpringbootintroApplication:Started SpringbootintroApplication in 6.117 seconds (JVM running for 6.687)
2024-05-08 21:02:57,207 INFO  [SpringApplicationShutdownHook] org.springframework.orm.jpa.LocalContainerEntityManagerFactoryBean:Closing JPA EntityManagerFactory for persistence unit 'default'
2024-05-08 21:02:57,209 INFO  [SpringApplicationShutdownHook] com.zaxxer.hikari.HikariDataSource:HikariPool-1 - Shutdown initiated...
2024-05-08 21:02:57,212 INFO  [SpringApplicationShutdownHook] com.zaxxer.hikari.HikariDataSource:HikariPool-1 - Shutdown completed.
2024-05-08 21:37:53,703 INFO  [main] com.tpe.SpringbootintroApplication:Starting SpringbootintroApplication using Java 17.0.9 on DESKTOP-SVKJ907 with PID 17020 (C:\Users\MahmutYalcin\Desktop\IT DÖKÜMAN\zipler\springbootintro\springbootintro\target\classes started by MahmutYalcin in C:\Users\MahmutYalcin\Desktop\IT DÖKÜMAN\zipler\springbootintro\springbootintro)
2024-05-08 21:37:53,707 INFO  [main] com.tpe.SpringbootintroApplication:No active profile set, falling back to default profiles: default
2024-05-08 21:37:55,020 INFO  [main] org.springframework.data.repository.config.RepositoryConfigurationDelegate:Bootstrapping Spring Data JPA repositories in DEFAULT mode.
2024-05-08 21:37:55,107 INFO  [main] org.springframework.data.repository.config.RepositoryConfigurationDelegate:Finished Spring Data repository scanning in 72 ms. Found 1 JPA repository interfaces.
2024-05-08 21:37:56,035 INFO  [main] org.springframework.boot.web.embedded.tomcat.TomcatWebServer:Tomcat initialized with port(s): 8081 (http)
2024-05-08 21:37:56,052 INFO  [main] org.apache.catalina.core.StandardService:Starting service [Tomcat]
2024-05-08 21:37:56,053 INFO  [main] org.apache.catalina.core.StandardEngine:Starting Servlet engine: [Apache Tomcat/9.0.56]
2024-05-08 21:37:56,170 INFO  [main] org.apache.catalina.core.ContainerBase.[Tomcat].[localhost].[/]:Initializing Spring embedded WebApplicationContext
2024-05-08 21:37:56,171 INFO  [main] org.springframework.boot.web.servlet.context.ServletWebServerApplicationContext:Root WebApplicationContext: initialization completed in 2384 ms
2024-05-08 21:37:56,571 INFO  [main] org.hibernate.jpa.internal.util.LogHelper:HHH000204: Processing PersistenceUnitInfo [name: default]
2024-05-08 21:37:56,647 INFO  [main] org.hibernate.Version:HHH000412: Hibernate ORM core version 5.6.4.Final
2024-05-08 21:37:56,894 INFO  [main] org.hibernate.annotations.common.Version:HCANN000001: Hibernate Commons Annotations {5.1.2.Final}
2024-05-08 21:37:57,051 INFO  [main] com.zaxxer.hikari.HikariDataSource:HikariPool-1 - Starting...
2024-05-08 21:37:57,348 INFO  [main] com.zaxxer.hikari.HikariDataSource:HikariPool-1 - Start completed.
2024-05-08 21:37:57,382 INFO  [main] org.hibernate.dialect.Dialect:HHH000400: Using dialect: org.hibernate.dialect.PostgreSQLDialect
2024-05-08 21:37:58,489 INFO  [main] org.hibernate.engine.transaction.jta.platform.internal.JtaPlatformInitiator:HHH000490: Using JtaPlatform implementation: [org.hibernate.engine.transaction.jta.platform.internal.NoJtaPlatform]
2024-05-08 21:37:58,498 INFO  [main] org.springframework.orm.jpa.LocalContainerEntityManagerFactoryBean:Initialized JPA EntityManagerFactory for persistence unit 'default'
2024-05-08 21:37:59,198 WARN  [main] org.springframework.boot.autoconfigure.orm.jpa.JpaBaseConfiguration$JpaWebConfiguration:spring.jpa.open-in-view is enabled by default. Therefore, database queries may be performed during view rendering. Explicitly configure spring.jpa.open-in-view to disable this warning
2024-05-08 21:37:59,773 INFO  [main] org.springframework.boot.actuate.endpoint.web.EndpointLinksResolver:Exposing 4 endpoint(s) beneath base path '/actuator'
2024-05-08 21:37:59,842 INFO  [main] org.springframework.boot.web.embedded.tomcat.TomcatWebServer:Tomcat started on port(s): 8081 (http) with context path ''
2024-05-08 21:37:59,865 INFO  [main] com.tpe.SpringbootintroApplication:Started SpringbootintroApplication in 6.924 seconds (JVM running for 7.526)
2024-05-08 21:39:12,261 INFO  [SpringApplicationShutdownHook] org.springframework.orm.jpa.LocalContainerEntityManagerFactoryBean:Closing JPA EntityManagerFactory for persistence unit 'default'
2024-05-08 21:39:12,262 INFO  [SpringApplicationShutdownHook] com.zaxxer.hikari.HikariDataSource:HikariPool-1 - Shutdown initiated...
2024-05-08 21:39:12,265 INFO  [SpringApplicationShutdownHook] com.zaxxer.hikari.HikariDataSource:HikariPool-1 - Shutdown completed.
